<?xml version="1.0" encoding="UTF-8"?>
<!-- Generated by org.testng.reporters.JUnitXMLReporter -->
<testsuite hostname="HP" ignored="0" name="Parameter Test three" tests="3" failures="1" timestamp="04 Oct 2019 17:20:41 GMT" time="0.067" errors="0">
  <testcase name="parametermethod1" time="0.0" classname="Selinium.com.testng.Prameeterofdemo"/>
  <testcase name="parametermethod2" time="0.0" classname="Selinium.com.testng.Prameeterofdemo">
    <failure type="org.testng.TestNGException" message="
Parameter &amp;apos;test-two-param&amp;apos; is required by @Test on method parametermethod2 but has not been marked @Optional or defined
in C:\Users\USER\workspace\TestNG\src\pre.out.xml">
      <![CDATA[org.testng.TestNGException: 
Parameter 'test-two-param' is required by @Test on method parametermethod2 but has not been marked @Optional or defined
in C:\Users\USER\workspace\TestNG\src\pre.out.xml
... Removed 23 stack frames]]>
    </failure>
  </testcase> <!-- parametermethod2 -->
  <testcase name="prameterTestThree" time="0.015" classname="Selinium.com.testng.Prameeterofdemo"/>
</testsuite> <!-- Parameter Test three -->
